# JRE version: 7.0_10-b18
# Java VM: Java HotSpot(TM) Client VM (23.6-b04 mixed mode windows-x86 )
Heap
 par new generation   total 4992K, used 3293K [0x03590000, 0x03af0000, 0x08ae0000)
  eden space 4480K,  73% used [0x03590000, 0x038c6568, 0x039f0000)
  from space 512K,   0% used [0x03a70000, 0x03a71000, 0x03af0000)
  to   space 512K,   0% used [0x039f0000, 0x039f0000, 0x03a70000)
 concurrent mark-sweep generation total 10944K, used 3939K [0x08ae0000, 0x09590000, 0x13590000)
 concurrent-mark-sweep perm gen total 16580K, used 9975K [0x13590000, 0x145c1000, 0x17590000)
GC Heap History (10 events):
Event: 204.720 GC heap before
{Heap before GC invocations=23 (full 10):
 par new generation   total 4992K, used 4484K [0x03590000, 0x03af0000, 0x08ae0000)
  eden space 4480K, 100% used [0x03590000, 0x039f0000, 0x039f0000)
  from space 512K,   0% used [0x039f0000, 0x039f1000, 0x03a70000)
  to   space 512K,   0% used [0x03a70000, 0x03a70000, 0x03af0000)
 concurrent mark-sweep generation total 10944K, used 3939K [0x08ae0000, 0x09590000, 0x13590000)
 concurrent-mark-sweep perm gen total 16580K, used 9967K [0x13590000, 0x145c1000, 0x17590000)
Event: 204.722 GC heap after
Heap after GC invocations=24 (full 10):
 par new generation   total 4992K, used 4K [0x03590000, 0x03af0000, 0x08ae0000)
  eden space 4480K,   0% used [0x03590000, 0x03590000, 0x039f0000)
  from space 512K,   0% used [0x03a70000, 0x03a71000, 0x03af0000)
  to   space 512K,   0% used [0x039f0000, 0x039f0000, 0x03a70000)
 concurrent mark-sweep generation total 10944K, used 3939K [0x08ae0000, 0x09590000, 0x13590000)
 concurrent-mark-sweep perm gen total 16580K, used 9967K [0x13590000, 0x145c1000, 0x17590000)
}
Event: 217.314 GC heap before
{Heap before GC invocations=24 (full 10):
 par new generation   total 4992K, used 4484K [0x03590000, 0x03af0000, 0x08ae0000)
  eden space 4480K, 100% used [0x03590000, 0x039f0000, 0x039f0000)
  from space 512K,   0% used [0x03a70000, 0x03a71000, 0x03af0000)
  to   space 512K,   0% used [0x039f0000, 0x039f0000, 0x03a70000)
 concurrent mark-sweep generation total 10944K, used 3939K [0x08ae0000, 0x09590000, 0x13590000)
 concurrent-mark-sweep perm gen total 16580K, used 9967K [0x13590000, 0x145c1000, 0x17590000)
Event: 217.315 GC heap after
Heap after GC invocations=25 (full 10):
 par new generation   total 4992K, used 4K [0x03590000, 0x03af0000, 0x08ae0000)
  eden space 4480K,   0% used [0x03590000, 0x03590000, 0x039f0000)
  from space 512K,   0% used [0x039f0000, 0x039f1000, 0x03a70000)
  to   space 512K,   0% used [0x03a70000, 0x03a70000, 0x03af0000)
 concurrent mark-sweep generation total 10944K, used 3939K [0x08ae0000, 0x09590000, 0x13590000)
 concurrent-mark-sweep perm gen total 16580K, used 9967K [0x13590000, 0x145c1000, 0x17590000)
}
Event: 229.571 GC heap before
{Heap before GC invocations=25 (full 10):
 par new generation   total 4992K, used 4484K [0x03590000, 0x03af0000, 0x08ae0000)
  eden space 4480K, 100% used [0x03590000, 0x039f0000, 0x039f0000)
  from space 512K,   0% used [0x039f0000, 0x039f1000, 0x03a70000)
  to   space 512K,   0% used [0x03a70000, 0x03a70000, 0x03af0000)
 concurrent mark-sweep generation total 10944K, used 3939K [0x08ae0000, 0x09590000, 0x13590000)
 concurrent-mark-sweep perm gen total 16580K, used 9967K [0x13590000, 0x145c1000, 0x17590000)
Event: 229.572 GC heap after
Heap after GC invocations=26 (full 10):
 par new generation   total 4992K, used 4K [0x03590000, 0x03af0000, 0x08ae0000)
  eden space 4480K,   0% used [0x03590000, 0x03590000, 0x039f0000)
  from space 512K,   0% used [0x03a70000, 0x03a71000, 0x03af0000)
  to   space 512K,   0% used [0x039f0000, 0x039f0000, 0x03a70000)
 concurrent mark-sweep generation total 10944K, used 3939K [0x08ae0000, 0x09590000, 0x13590000)
 concurrent-mark-sweep perm gen total 16580K, used 9967K [0x13590000, 0x145c1000, 0x17590000)
}
Event: 242.030 GC heap before
{Heap before GC invocations=26 (full 10):
 par new generation   total 4992K, used 4484K [0x03590000, 0x03af0000, 0x08ae0000)
  eden space 4480K, 100% used [0x03590000, 0x039f0000, 0x039f0000)
  from space 512K,   0% used [0x03a70000, 0x03a71000, 0x03af0000)
  to   space 512K,   0% used [0x039f0000, 0x039f0000, 0x03a70000)
 concurrent mark-sweep generation total 10944K, used 3939K [0x08ae0000, 0x09590000, 0x13590000)
 concurrent-mark-sweep perm gen total 16580K, used 9967K [0x13590000, 0x145c1000, 0x17590000)
Event: 242.032 GC heap after
Heap after GC invocations=27 (full 10):
 par new generation   total 4992K, used 4K [0x03590000, 0x03af0000, 0x08ae0000)
  eden space 4480K,   0% used [0x03590000, 0x03590000, 0x039f0000)
  from space 512K,   0% used [0x039f0000, 0x039f1000, 0x03a70000)
  to   space 512K,   0% used [0x03a70000, 0x03a70000, 0x03af0000)
 concurrent mark-sweep generation total 10944K, used 3939K [0x08ae0000, 0x09590000, 0x13590000)
 concurrent-mark-sweep perm gen total 16580K, used 9967K [0x13590000, 0x145c1000, 0x17590000)
}
Event: 254.063 GC heap before
{Heap before GC invocations=27 (full 10):
 par new generation   total 4992K, used 4484K [0x03590000, 0x03af0000, 0x08ae0000)
  eden space 4480K, 100% used [0x03590000, 0x039f0000, 0x039f0000)
  from space 512K,   0% used [0x039f0000, 0x039f1000, 0x03a70000)
  to   space 512K,   0% used [0x03a70000, 0x03a70000, 0x03af0000)
 concurrent mark-sweep generation total 10944K, used 3939K [0x08ae0000, 0x09590000, 0x13590000)
 concurrent-mark-sweep perm gen total 16580K, used 9967K [0x13590000, 0x145c1000, 0x17590000)
Event: 254.065 GC heap after
Heap after GC invocations=28 (full 10):
 par new generation   total 4992K, used 4K [0x03590000, 0x03af0000, 0x08ae0000)
  eden space 4480K,   0% used [0x03590000, 0x03590000, 0x039f0000)
  from space 512K,   0% used [0x03a70000, 0x03a71000, 0x03af0000)
  to   space 512K,   0% used [0x039f0000, 0x039f0000, 0x03a70000)
 concurrent mark-sweep generation total 10944K, used 3939K [0x08ae0000, 0x09590000, 0x13590000)
 concurrent-mark-sweep perm gen total 16580K, used 9967K [0x13590000, 0x145c1000, 0x17590000)
}

