# JRE version: 7.0_10-b18
# Java VM: Java HotSpot(TM) Client VM (23.6-b04 mixed mode windows-x86 )
Heap
 par new generation   total 4992K, used 277K [0x039c0000, 0x03f20000, 0x08f10000)
  eden space 4480K,   6% used [0x039c0000, 0x03a044e0, 0x03e20000)
  from space 512K,   0% used [0x03e20000, 0x03e21000, 0x03ea0000)
  to   space 512K,   0% used [0x03ea0000, 0x03ea0000, 0x03f20000)
 concurrent mark-sweep generation total 10944K, used 7284K [0x08f10000, 0x099c0000, 0x139c0000)
 concurrent-mark-sweep perm gen total 20616K, used 12660K [0x139c0000, 0x14de2000, 0x179c0000)
GC Heap History (10 events):
Event: 991.336 GC heap before
{Heap before GC invocations=98 (full 7):
 par new generation   total 4992K, used 4484K [0x039c0000, 0x03f20000, 0x08f10000)
  eden space 4480K, 100% used [0x039c0000, 0x03e20000, 0x03e20000)
  from space 512K,   0% used [0x03ea0000, 0x03ea1000, 0x03f20000)
  to   space 512K,   0% used [0x03e20000, 0x03e20000, 0x03ea0000)
 concurrent mark-sweep generation total 10944K, used 7284K [0x08f10000, 0x099c0000, 0x139c0000)
 concurrent-mark-sweep perm gen total 20616K, used 12657K [0x139c0000, 0x14de2000, 0x179c0000)
Event: 991.338 GC heap after
Heap after GC invocations=99 (full 7):
 par new generation   total 4992K, used 4K [0x039c0000, 0x03f20000, 0x08f10000)
  eden space 4480K,   0% used [0x039c0000, 0x039c0000, 0x03e20000)
  from space 512K,   0% used [0x03e20000, 0x03e21000, 0x03ea0000)
  to   space 512K,   0% used [0x03ea0000, 0x03ea0000, 0x03f20000)
 concurrent mark-sweep generation total 10944K, used 7284K [0x08f10000, 0x099c0000, 0x139c0000)
 concurrent-mark-sweep perm gen total 20616K, used 12657K [0x139c0000, 0x14de2000, 0x179c0000)
}
Event: 1002.528 GC heap before
{Heap before GC invocations=99 (full 7):
 par new generation   total 4992K, used 4484K [0x039c0000, 0x03f20000, 0x08f10000)
  eden space 4480K, 100% used [0x039c0000, 0x03e20000, 0x03e20000)
  from space 512K,   0% used [0x03e20000, 0x03e21000, 0x03ea0000)
  to   space 512K,   0% used [0x03ea0000, 0x03ea0000, 0x03f20000)
 concurrent mark-sweep generation total 10944K, used 7284K [0x08f10000, 0x099c0000, 0x139c0000)
 concurrent-mark-sweep perm gen total 20616K, used 12657K [0x139c0000, 0x14de2000, 0x179c0000)
Event: 1002.531 GC heap after
Heap after GC invocations=100 (full 7):
 par new generation   total 4992K, used 4K [0x039c0000, 0x03f20000, 0x08f10000)
  eden space 4480K,   0% used [0x039c0000, 0x039c0000, 0x03e20000)
  from space 512K,   0% used [0x03ea0000, 0x03ea1000, 0x03f20000)
  to   space 512K,   0% used [0x03e20000, 0x03e20000, 0x03ea0000)
 concurrent mark-sweep generation total 10944K, used 7284K [0x08f10000, 0x099c0000, 0x139c0000)
 concurrent-mark-sweep perm gen total 20616K, used 12657K [0x139c0000, 0x14de2000, 0x179c0000)
}
Event: 1013.394 GC heap before
{Heap before GC invocations=100 (full 7):
 par new generation   total 4992K, used 4484K [0x039c0000, 0x03f20000, 0x08f10000)
  eden space 4480K, 100% used [0x039c0000, 0x03e20000, 0x03e20000)
  from space 512K,   0% used [0x03ea0000, 0x03ea1000, 0x03f20000)
  to   space 512K,   0% used [0x03e20000, 0x03e20000, 0x03ea0000)
 concurrent mark-sweep generation total 10944K, used 7284K [0x08f10000, 0x099c0000, 0x139c0000)
 concurrent-mark-sweep perm gen total 20616K, used 12657K [0x139c0000, 0x14de2000, 0x179c0000)
Event: 1013.396 GC heap after
Heap after GC invocations=101 (full 7):
 par new generation   total 4992K, used 4K [0x039c0000, 0x03f20000, 0x08f10000)
  eden space 4480K,   0% used [0x039c0000, 0x039c0000, 0x03e20000)
  from space 512K,   0% used [0x03e20000, 0x03e21000, 0x03ea0000)
  to   space 512K,   0% used [0x03ea0000, 0x03ea0000, 0x03f20000)
 concurrent mark-sweep generation total 10944K, used 7284K [0x08f10000, 0x099c0000, 0x139c0000)
 concurrent-mark-sweep perm gen total 20616K, used 12657K [0x139c0000, 0x14de2000, 0x179c0000)
}
Event: 1025.807 GC heap before
{Heap before GC invocations=101 (full 7):
 par new generation   total 4992K, used 4484K [0x039c0000, 0x03f20000, 0x08f10000)
  eden space 4480K, 100% used [0x039c0000, 0x03e20000, 0x03e20000)
  from space 512K,   0% used [0x03e20000, 0x03e21000, 0x03ea0000)
  to   space 512K,   0% used [0x03ea0000, 0x03ea0000, 0x03f20000)
 concurrent mark-sweep generation total 10944K, used 7284K [0x08f10000, 0x099c0000, 0x139c0000)
 concurrent-mark-sweep perm gen total 20616K, used 12657K [0x139c0000, 0x14de2000, 0x179c0000)
Event: 1025.809 GC heap after
Heap after GC invocations=102 (full 7):
 par new generation   total 4992K, used 4K [0x039c0000, 0x03f20000, 0x08f10000)
  eden space 4480K,   0% used [0x039c0000, 0x039c0000, 0x03e20000)
  from space 512K,   0% used [0x03ea0000, 0x03ea1000, 0x03f20000)
  to   space 512K,   0% used [0x03e20000, 0x03e20000, 0x03ea0000)
 concurrent mark-sweep generation total 10944K, used 7284K [0x08f10000, 0x099c0000, 0x139c0000)
 concurrent-mark-sweep perm gen total 20616K, used 12657K [0x139c0000, 0x14de2000, 0x179c0000)
}
Event: 1037.981 GC heap before
{Heap before GC invocations=102 (full 7):
 par new generation   total 4992K, used 4484K [0x039c0000, 0x03f20000, 0x08f10000)
  eden space 4480K, 100% used [0x039c0000, 0x03e20000, 0x03e20000)
  from space 512K,   0% used [0x03ea0000, 0x03ea1000, 0x03f20000)
  to   space 512K,   0% used [0x03e20000, 0x03e20000, 0x03ea0000)
 concurrent mark-sweep generation total 10944K, used 7284K [0x08f10000, 0x099c0000, 0x139c0000)
 concurrent-mark-sweep perm gen total 20616K, used 12657K [0x139c0000, 0x14de2000, 0x179c0000)
Event: 1037.983 GC heap after
Heap after GC invocations=103 (full 7):
 par new generation   total 4992K, used 4K [0x039c0000, 0x03f20000, 0x08f10000)
  eden space 4480K,   0% used [0x039c0000, 0x039c0000, 0x03e20000)
  from space 512K,   0% used [0x03e20000, 0x03e21000, 0x03ea0000)
  to   space 512K,   0% used [0x03ea0000, 0x03ea0000, 0x03f20000)
 concurrent mark-sweep generation total 10944K, used 7284K [0x08f10000, 0x099c0000, 0x139c0000)
 concurrent-mark-sweep perm gen total 20616K, used 12657K [0x139c0000, 0x14de2000, 0x179c0000)
}

